Removed Pin From Net: NetName=NetC1_1 Pin=C1-1
Removed Pin From Net: NetName=GND Pin=C1-2
Removed Pin From Net: NetName=GND Pin=C3-2
Added Component: Designator=C1(S103M69Z5UP63K7R)
Add component (AddParameter): Name = "Arrow Part Number"; Value = "S103M69Z5UP63K7R"; VariantName = "[No Variations]"
Add component (AddParameter): Name = "Arrow Price/Stock"; Value = "https://www.arrow.com/en/products/s103m69z5up63k7r/vishay?region=europe"; VariantName = "[No Variations]"
Add component (AddParameter): Name = "Datasheet Link"; Value = "https://www.vishay.com/docs/28515/sseries.pdf"; VariantName = "[No Variations]"
Add component (AddParameter): Name = "Height"; Value = "17.5mm"; VariantName = "[No Variations]"
Add component (AddParameter): Name = "Manufacturer_Name"; Value = "Vishay"; VariantName = "[No Variations]"
Add component (AddParameter): Name = "Manufacturer_Part_Number"; Value = "S103M69Z5UP63K7R"; VariantName = "[No Variations]"
Add component (AddParameter): Name = "Mouser Part Number"; Value = "594-S103M69Z5UP63K7R"; VariantName = "[No Variations]"
Add component (AddParameter): Name = "Mouser Price/Stock"; Value = "https://www.mouser.co.uk/ProductDetail/Vishay-BC-Components/S103M69Z5UP63K7R?qs=kWu6FN6bAPw%2FsZemloGzLw%3D%3D"; VariantName = "[No Variations]"
Added Component: Designator=C3(S103M69Z5UP63K7R)
Add component (AddParameter): Name = "Arrow Part Number"; Value = "S103M69Z5UP63K7R"; VariantName = "[No Variations]"
Add component (AddParameter): Name = "Arrow Price/Stock"; Value = "https://www.arrow.com/en/products/s103m69z5up63k7r/vishay?region=europe"; VariantName = "[No Variations]"
Add component (AddParameter): Name = "Datasheet Link"; Value = "https://www.vishay.com/docs/28515/sseries.pdf"; VariantName = "[No Variations]"
Add component (AddParameter): Name = "Height"; Value = "17.5mm"; VariantName = "[No Variations]"
Add component (AddParameter): Name = "Manufacturer_Name"; Value = "Vishay"; VariantName = "[No Variations]"
Add component (AddParameter): Name = "Manufacturer_Part_Number"; Value = "S103M69Z5UP63K7R"; VariantName = "[No Variations]"
Add component (AddParameter): Name = "Mouser Part Number"; Value = "594-S103M69Z5UP63K7R"; VariantName = "[No Variations]"
Add component (AddParameter): Name = "Mouser Price/Stock"; Value = "https://www.mouser.co.uk/ProductDetail/Vishay-BC-Components/S103M69Z5UP63K7R?qs=kWu6FN6bAPw%2FsZemloGzLw%3D%3D"; VariantName = "[No Variations]"
Added Pin To Net: NetName=GND Pin=C1-1
Added Pin To Net: NetName=NetC1_1 Pin=C1-2
Added Pin To Net: NetName=GND Pin=C3-1
Change Net Name : Old Net Name=NetC1_1 New Net Name=NetC1_2
Added Pin To Net: NetName=NetC3_2 Pin=C3-2
Added Pin To Net: NetName=NetC3_2 Pin=U1-5
Added Net: Name=NetC3_2
Added Room: Name=Sheet1
